<?xml version="1.0" encoding="UTF-8"?>
<testsuite xmlns:xsi="http://www.w3.org/2001/XMLSchema-instance" xsi:noNamespaceSchemaLocation="https://maven.apache.org/surefire/maven-surefire-plugin/xsd/surefire-test-report-3.0.xsd" version="3.0" name="in.neuralnet.DaoSpringJdbcSimpleJdbcCallTests" time="3.653" tests="1" errors="0" skipped="0" failures="0">
  <properties>
[...]
</properties>
  <testcase name="contextLoads" classname="in.neuralnet.DaoSpringJdbcSimpleJdbcCallTests" time="1.388">
    <system-out><![CDATA[11:49:59.908 [main] INFO org.springframework.test.context.support.AnnotationConfigContextLoaderUtils -- Could not detect default configuration classes for test class [in.neuralnet.DaoSpringJdbcSimpleJdbcCallTests]: DaoSpringJdbcSimpleJdbcCallTests does not declare any static, non-private, non-final, nested classes annotated with @Configuration.
11:50:00.035 [main] INFO org.springframework.boot.test.context.SpringBootTestContextBootstrapper -- Found @SpringBootConfiguration in.neuralnet.DaoSpringJdbcSimpleJdbcCall for test class in.neuralnet.DaoSpringJdbcSimpleJdbcCallTests

  .   ____          _            __ _ _
 /\\ / ___'_ __ _ _(_)_ __  __ _ \ \ \ \
( ( )\___ | '_ | '_| | '_ \/ _` | \ \ \ \
 \\/  ___)| |_)| | | | | || (_| |  ) ) ) )
  '  |____| .__|_| |_|_| |_\__, | / / / /
 =========|_|==============|___/=/_/_/_/
 :: Spring Boot ::                (v3.2.3)

2024-03-11T11:50:00.533+05:30  INFO 2312 --- [           main] i.n.DaoSpringJdbcSimpleJdbcCallTests     : Starting DaoSpringJdbcSimpleJdbcCallTests using Java 17.0.6 with PID 2312 (started by somesh.rout in C:\Users\somesh.rout\Documents\workspace-spring-tool-suite-4-4.18.0.RELEASE\DaoSpringJDBCSimpleJdbcCall_Project-3)
2024-03-11T11:50:00.535+05:30  INFO 2312 --- [           main] i.n.DaoSpringJdbcSimpleJdbcCallTests     : No active profile set, falling back to 1 default profile: "default"
2024-03-11T11:50:00.918+05:30  INFO 2312 --- [           main] .s.d.r.c.RepositoryConfigurationDelegate : Bootstrapping Spring Data JDBC repositories in DEFAULT mode.
2024-03-11T11:50:00.942+05:30  INFO 2312 --- [           main] .s.d.r.c.RepositoryConfigurationDelegate : Finished Spring Data repository scanning in 19 ms. Found 0 JDBC repository interfaces.
2024-03-11T11:50:01.332+05:30  INFO 2312 --- [           main] com.zaxxer.hikari.HikariDataSource       : HikariPool-1 - Starting...
2024-03-11T11:50:01.705+05:30  INFO 2312 --- [           main] com.zaxxer.hikari.pool.HikariPool        : HikariPool-1 - Added connection org.postgresql.jdbc.PgConnection@1c067c0d
2024-03-11T11:50:01.707+05:30  INFO 2312 --- [           main] com.zaxxer.hikari.HikariDataSource       : HikariPool-1 - Start completed.
2024-03-11T11:50:01.979+05:30  INFO 2312 --- [           main] i.n.DaoSpringJdbcSimpleJdbcCallTests     : Started DaoSpringJdbcSimpleJdbcCallTests in 1.761 seconds (process running for 2.906)
]]></system-out>
  </testcase>
</testsuite>